<?xml version="1.0" encoding="UTF-8"?>
<!-- Generated by org.testng.reporters.JUnitReportReporter -->
<testsuite hostname="DESKTOP-NQRDDPS" failures="0" tests="1" name="testcases.T_01forumhomepageValidation" time="7.871" errors="0" timestamp="2020-11-22T17:57:33 CST" skipped="0">
  <testcase classname="testcases.T_01forumhomepageValidation" name="validateforumpage" time="7.871"/>
  <system-out/>
</testsuite> <!-- testcases.T_01forumhomepageValidation -->
